<?xml version="1.0" encoding="UTF-8"?>
<!-- Generated by org.testng.reporters.JUnitReportReporter -->
<testsuite hostname="rkagr55" failures="0" tests="1" name="tests.loginTest" time="0.005" errors="0" timestamp="2024-05-01T02:16:13 IST" skipped="0">
  <testcase classname="tests.loginTest" name="login" time="0.005"/>
  <system-out/>
</testsuite> <!-- tests.loginTest -->
